<?xml version="1.0" encoding="UTF-8"?>
<!-- Generated by org.testng.reporters.JUnitReportReporter -->
<testsuite hostname="Nilmie" failures="0" tests="1" name="Employee.PostRequest" time="1.484" errors="0" timestamp="2020-12-11T13:33:59 IST" skipped="0">
  <testcase classname="Employee.PostRequest" name="PostEmployee" time="1.484"/>
  <system-out/>
</testsuite> <!-- Employee.PostRequest -->
