<?xml version="1.0" encoding="UTF-8"?>
<!-- Generated by org.testng.reporters.JUnitReportReporter -->
<testsuite hostname="Nilmie" failures="0" tests="1" name="Employee.DeleteRequest" time="2.262" errors="0" timestamp="2020-12-11T13:39:58 IST" skipped="0">
  <testcase classname="Employee.DeleteRequest" name="DeleteEmployee" time="2.262"/>
  <system-out/>
</testsuite> <!-- Employee.DeleteRequest -->
