<?xml version="1.0" encoding="UTF-8"?>
<!-- Generated by org.testng.reporters.JUnitReportReporter -->
<testsuite hostname="Nilmie" failures="0" tests="1" name="Employee.PutRequest" time="1.453" errors="0" timestamp="2020-12-11T13:37:01 IST" skipped="0">
  <testcase classname="Employee.PutRequest" name="PostEmployee" time="1.453"/>
  <system-out/>
</testsuite> <!-- Employee.PutRequest -->
