<?xml version="1.0" encoding="UTF-8"?>
<!-- Generated by org.testng.reporters.JUnitReportReporter -->
<testsuite hostname="Nilmie" failures="0" tests="2" name="Employee.GetRequest" time="1.405" errors="0" timestamp="2020-12-11T13:15:36 IST" skipped="0">
  <testcase classname="Employee.GetRequest" name="GetEmployee" time="0.019"/>
  <system-out/>
  <testcase classname="Employee.GetRequest" name="GetAllEmployees" time="1.386"/>
  <system-out/>
</testsuite> <!-- Employee.GetRequest -->
